[      33ms] [WARNING] Lit is in dev mode. Not recommended for production! See https://lit.dev/msg/dev-mode for more information. @ http://localhost:5199/node_modules/.vite/deps/chunk-O5TE7N4R.js?v=32c444d0:93
[      38ms] [WARNING] Element lens-app scheduled an update (generally because a property was set) after an update completed, causing a new update to be scheduled. This is inefficient and should be avoided unless the next update can only be scheduled as a side effect of the previous update. See https://lit.dev/msg/change-in-update for more information. @ http://localhost:5199/node_modules/.vite/deps/chunk-O5TE7N4R.js?v=32c444d0:93
[   41296ms] [WARNING] Lit is in dev mode. Not recommended for production! See https://lit.dev/msg/dev-mode for more information. @ http://localhost:5199/node_modules/.vite/deps/chunk-O5TE7N4R.js?v=32c444d0:93
[   41297ms] [WARNING] Element lens-app scheduled an update (generally because a property was set) after an update completed, causing a new update to be scheduled. This is inefficient and should be avoided unless the next update can only be scheduled as a side effect of the previous update. See https://lit.dev/msg/change-in-update for more information. @ http://localhost:5199/node_modules/.vite/deps/chunk-O5TE7N4R.js?v=32c444d0:93
[   41317ms] TypeError: this._dagNodes is not a function
    at LensDashboard.render (http://localhost:5199/src/compositions/dashboard.ts?t=1772876147878:133:27)
    at LensDashboard.update (http://localhost:5199/node_modules/.vite/deps/lit.js?v=bdf98798:60:24)
    at LensDashboard.performUpdate (http://localhost:5199/node_modules/.vite/deps/chunk-O5TE7N4R.js?v=32c444d0:756:14)
    at LensDashboard.scheduleUpdate (http://localhost:5199/node_modules/.vite/deps/chunk-O5TE7N4R.js?v=32c444d0:698:25)
    at LensDashboard.__enqueueUpdate (http://localhost:5199/node_modules/.vite/deps/chunk-O5TE7N4R.js?v=32c444d0:674:25)
[   41318ms] TypeError: this._dagNodes is not a function
    at LensDashboard.render (http://localhost:5199/src/compositions/dashboard.ts?t=1772876147878:133:27)
    at LensDashboard.update (http://localhost:5199/node_modules/.vite/deps/lit.js?v=bdf98798:60:24)
    at LensDashboard.performUpdate (http://localhost:5199/node_modules/.vite/deps/chunk-O5TE7N4R.js?v=32c444d0:756:14)
    at LensDashboard.scheduleUpdate (http://localhost:5199/node_modules/.vite/deps/chunk-O5TE7N4R.js?v=32c444d0:698:25)
    at LensDashboard.__enqueueUpdate (http://localhost:5199/node_modules/.vite/deps/chunk-O5TE7N4R.js?v=32c444d0:674:25)
[   41318ms] TypeError: this._dagNodes is not a function
    at LensDashboard.render (http://localhost:5199/src/compositions/dashboard.ts?t=1772876147878:133:27)
    at LensDashboard.update (http://localhost:5199/node_modules/.vite/deps/lit.js?v=bdf98798:60:24)
    at LensDashboard.performUpdate (http://localhost:5199/node_modules/.vite/deps/chunk-O5TE7N4R.js?v=32c444d0:756:14)
    at LensDashboard.scheduleUpdate (http://localhost:5199/node_modules/.vite/deps/chunk-O5TE7N4R.js?v=32c444d0:698:25)
    at LensDashboard.__enqueueUpdate (http://localhost:5199/node_modules/.vite/deps/chunk-O5TE7N4R.js?v=32c444d0:674:25)
[   41318ms] TypeError: this._dagNodes is not a function
    at LensDashboard.render (http://localhost:5199/src/compositions/dashboard.ts?t=1772876147878:133:27)
    at LensDashboard.update (http://localhost:5199/node_modules/.vite/deps/lit.js?v=bdf98798:60:24)
    at LensDashboard.performUpdate (http://localhost:5199/node_modules/.vite/deps/chunk-O5TE7N4R.js?v=32c444d0:756:14)
    at LensDashboard.scheduleUpdate (http://localhost:5199/node_modules/.vite/deps/chunk-O5TE7N4R.js?v=32c444d0:698:25)
    at LensDashboard.__enqueueUpdate (http://localhost:5199/node_modules/.vite/deps/chunk-O5TE7N4R.js?v=32c444d0:674:25)
[   41319ms] TypeError: this._dagNodes is not a function
    at LensDashboard.render (http://localhost:5199/src/compositions/dashboard.ts?t=1772876147878:133:27)
    at LensDashboard.update (http://localhost:5199/node_modules/.vite/deps/lit.js?v=bdf98798:60:24)
    at LensDashboard.performUpdate (http://localhost:5199/node_modules/.vite/deps/chunk-O5TE7N4R.js?v=32c444d0:756:14)
    at LensDashboard.scheduleUpdate (http://localhost:5199/node_modules/.vite/deps/chunk-O5TE7N4R.js?v=32c444d0:698:25)
    at LensDashboard.__enqueueUpdate (http://localhost:5199/node_modules/.vite/deps/chunk-O5TE7N4R.js?v=32c444d0:674:25)
[   41320ms] TypeError: this._dagNodes is not a function
    at LensDashboard.render (http://localhost:5199/src/compositions/dashboard.ts?t=1772876147878:133:27)
    at LensDashboard.update (http://localhost:5199/node_modules/.vite/deps/lit.js?v=bdf98798:60:24)
    at LensDashboard.performUpdate (http://localhost:5199/node_modules/.vite/deps/chunk-O5TE7N4R.js?v=32c444d0:756:14)
    at LensDashboard.scheduleUpdate (http://localhost:5199/node_modules/.vite/deps/chunk-O5TE7N4R.js?v=32c444d0:698:25)
    at LensDashboard.__enqueueUpdate (http://localhost:5199/node_modules/.vite/deps/chunk-O5TE7N4R.js?v=32c444d0:674:25)
[   46300ms] TypeError: this._dagNodes is not a function
    at LensDashboard.render (http://localhost:5199/src/compositions/dashboard.ts?t=1772876147878:133:27)
    at LensDashboard.update (http://localhost:5199/node_modules/.vite/deps/lit.js?v=bdf98798:60:24)
    at LensDashboard.performUpdate (http://localhost:5199/node_modules/.vite/deps/chunk-O5TE7N4R.js?v=32c444d0:756:14)
    at LensDashboard.scheduleUpdate (http://localhost:5199/node_modules/.vite/deps/chunk-O5TE7N4R.js?v=32c444d0:698:25)
    at LensDashboard.__enqueueUpdate (http://localhost:5199/node_modules/.vite/deps/chunk-O5TE7N4R.js?v=32c444d0:674:25)
[   46300ms] TypeError: this._dagNodes is not a function
    at LensDashboard.render (http://localhost:5199/src/compositions/dashboard.ts?t=1772876147878:133:27)
    at LensDashboard.update (http://localhost:5199/node_modules/.vite/deps/lit.js?v=bdf98798:60:24)
    at LensDashboard.performUpdate (http://localhost:5199/node_modules/.vite/deps/chunk-O5TE7N4R.js?v=32c444d0:756:14)
    at LensDashboard.scheduleUpdate (http://localhost:5199/node_modules/.vite/deps/chunk-O5TE7N4R.js?v=32c444d0:698:25)
    at LensDashboard.__enqueueUpdate (http://localhost:5199/node_modules/.vite/deps/chunk-O5TE7N4R.js?v=32c444d0:674:25)
[   51301ms] TypeError: this._dagNodes is not a function
    at LensDashboard.render (http://localhost:5199/src/compositions/dashboard.ts?t=1772876147878:133:27)
    at LensDashboard.update (http://localhost:5199/node_modules/.vite/deps/lit.js?v=bdf98798:60:24)
    at LensDashboard.performUpdate (http://localhost:5199/node_modules/.vite/deps/chunk-O5TE7N4R.js?v=32c444d0:756:14)
    at LensDashboard.scheduleUpdate (http://localhost:5199/node_modules/.vite/deps/chunk-O5TE7N4R.js?v=32c444d0:698:25)
    at LensDashboard.__enqueueUpdate (http://localhost:5199/node_modules/.vite/deps/chunk-O5TE7N4R.js?v=32c444d0:674:25)
[   51301ms] TypeError: this._dagNodes is not a function
    at LensDashboard.render (http://localhost:5199/src/compositions/dashboard.ts?t=1772876147878:133:27)
    at LensDashboard.update (http://localhost:5199/node_modules/.vite/deps/lit.js?v=bdf98798:60:24)
    at LensDashboard.performUpdate (http://localhost:5199/node_modules/.vite/deps/chunk-O5TE7N4R.js?v=32c444d0:756:14)
    at LensDashboard.scheduleUpdate (http://localhost:5199/node_modules/.vite/deps/chunk-O5TE7N4R.js?v=32c444d0:698:25)
    at LensDashboard.__enqueueUpdate (http://localhost:5199/node_modules/.vite/deps/chunk-O5TE7N4R.js?v=32c444d0:674:25)
[   56128ms] [WARNING] Lit is in dev mode. Not recommended for production! See https://lit.dev/msg/dev-mode for more information. @ http://localhost:5199/node_modules/.vite/deps/chunk-O5TE7N4R.js?v=32c444d0:93
[   56129ms] [WARNING] Element lens-app scheduled an update (generally because a property was set) after an update completed, causing a new update to be scheduled. This is inefficient and should be avoided unless the next update can only be scheduled as a side effect of the previous update. See https://lit.dev/msg/change-in-update for more information. @ http://localhost:5199/node_modules/.vite/deps/chunk-O5TE7N4R.js?v=32c444d0:93
[   56144ms] TypeError: this._dagNodes is not a function
    at LensDashboard.render (http://localhost:5199/src/compositions/dashboard.ts?t=1772876162716:133:27)
    at LensDashboard.update (http://localhost:5199/node_modules/.vite/deps/lit.js?v=bdf98798:60:24)
    at LensDashboard.performUpdate (http://localhost:5199/node_modules/.vite/deps/chunk-O5TE7N4R.js?v=32c444d0:756:14)
    at LensDashboard.scheduleUpdate (http://localhost:5199/node_modules/.vite/deps/chunk-O5TE7N4R.js?v=32c444d0:698:25)
    at LensDashboard.__enqueueUpdate (http://localhost:5199/node_modules/.vite/deps/chunk-O5TE7N4R.js?v=32c444d0:674:25)
[   56145ms] TypeError: this._dagNodes is not a function
    at LensDashboard.render (http://localhost:5199/src/compositions/dashboard.ts?t=1772876162716:133:27)
    at LensDashboard.update (http://localhost:5199/node_modules/.vite/deps/lit.js?v=bdf98798:60:24)
    at LensDashboard.performUpdate (http://localhost:5199/node_modules/.vite/deps/chunk-O5TE7N4R.js?v=32c444d0:756:14)
    at LensDashboard.scheduleUpdate (http://localhost:5199/node_modules/.vite/deps/chunk-O5TE7N4R.js?v=32c444d0:698:25)
    at LensDashboard.__enqueueUpdate (http://localhost:5199/node_modules/.vite/deps/chunk-O5TE7N4R.js?v=32c444d0:674:25)
[   56145ms] TypeError: this._dagNodes is not a function
    at LensDashboard.render (http://localhost:5199/src/compositions/dashboard.ts?t=1772876162716:133:27)
    at LensDashboard.update (http://localhost:5199/node_modules/.vite/deps/lit.js?v=bdf98798:60:24)
    at LensDashboard.performUpdate (http://localhost:5199/node_modules/.vite/deps/chunk-O5TE7N4R.js?v=32c444d0:756:14)
    at LensDashboard.scheduleUpdate (http://localhost:5199/node_modules/.vite/deps/chunk-O5TE7N4R.js?v=32c444d0:698:25)
    at LensDashboard.__enqueueUpdate (http://localhost:5199/node_modules/.vite/deps/chunk-O5TE7N4R.js?v=32c444d0:674:25)
[   56146ms] TypeError: this._dagNodes is not a function
    at LensDashboard.render (http://localhost:5199/src/compositions/dashboard.ts?t=1772876162716:133:27)
    at LensDashboard.update (http://localhost:5199/node_modules/.vite/deps/lit.js?v=bdf98798:60:24)
    at LensDashboard.performUpdate (http://localhost:5199/node_modules/.vite/deps/chunk-O5TE7N4R.js?v=32c444d0:756:14)
    at LensDashboard.scheduleUpdate (http://localhost:5199/node_modules/.vite/deps/chunk-O5TE7N4R.js?v=32c444d0:698:25)
    at LensDashboard.__enqueueUpdate (http://localhost:5199/node_modules/.vite/deps/chunk-O5TE7N4R.js?v=32c444d0:674:25)
[   56146ms] TypeError: this._dagNodes is not a function
    at LensDashboard.render (http://localhost:5199/src/compositions/dashboard.ts?t=1772876162716:133:27)
    at LensDashboard.update (http://localhost:5199/node_modules/.vite/deps/lit.js?v=bdf98798:60:24)
    at LensDashboard.performUpdate (http://localhost:5199/node_modules/.vite/deps/chunk-O5TE7N4R.js?v=32c444d0:756:14)
    at LensDashboard.scheduleUpdate (http://localhost:5199/node_modules/.vite/deps/chunk-O5TE7N4R.js?v=32c444d0:698:25)
    at LensDashboard.__enqueueUpdate (http://localhost:5199/node_modules/.vite/deps/chunk-O5TE7N4R.js?v=32c444d0:674:25)
[   56146ms] TypeError: this._dagNodes is not a function
    at LensDashboard.render (http://localhost:5199/src/compositions/dashboard.ts?t=1772876162716:133:27)
    at LensDashboard.update (http://localhost:5199/node_modules/.vite/deps/lit.js?v=bdf98798:60:24)
    at LensDashboard.performUpdate (http://localhost:5199/node_modules/.vite/deps/chunk-O5TE7N4R.js?v=32c444d0:756:14)
    at LensDashboard.scheduleUpdate (http://localhost:5199/node_modules/.vite/deps/chunk-O5TE7N4R.js?v=32c444d0:698:25)
    at LensDashboard.__enqueueUpdate (http://localhost:5199/node_modules/.vite/deps/chunk-O5TE7N4R.js?v=32c444d0:674:25)
[   61139ms] TypeError: this._dagNodes is not a function
    at LensDashboard.render (http://localhost:5199/src/compositions/dashboard.ts?t=1772876162716:133:27)
    at LensDashboard.update (http://localhost:5199/node_modules/.vite/deps/lit.js?v=bdf98798:60:24)
    at LensDashboard.performUpdate (http://localhost:5199/node_modules/.vite/deps/chunk-O5TE7N4R.js?v=32c444d0:756:14)
    at LensDashboard.scheduleUpdate (http://localhost:5199/node_modules/.vite/deps/chunk-O5TE7N4R.js?v=32c444d0:698:25)
    at LensDashboard.__enqueueUpdate (http://localhost:5199/node_modules/.vite/deps/chunk-O5TE7N4R.js?v=32c444d0:674:25)
[   61139ms] TypeError: this._dagNodes is not a function
    at LensDashboard.render (http://localhost:5199/src/compositions/dashboard.ts?t=1772876162716:133:27)
    at LensDashboard.update (http://localhost:5199/node_modules/.vite/deps/lit.js?v=bdf98798:60:24)
    at LensDashboard.performUpdate (http://localhost:5199/node_modules/.vite/deps/chunk-O5TE7N4R.js?v=32c444d0:756:14)
    at LensDashboard.scheduleUpdate (http://localhost:5199/node_modules/.vite/deps/chunk-O5TE7N4R.js?v=32c444d0:698:25)
    at LensDashboard.__enqueueUpdate (http://localhost:5199/node_modules/.vite/deps/chunk-O5TE7N4R.js?v=32c444d0:674:25)
[   61815ms] [WARNING] Lit is in dev mode. Not recommended for production! See https://lit.dev/msg/dev-mode for more information. @ http://localhost:5199/node_modules/.vite/deps/chunk-O5TE7N4R.js?v=32c444d0:93
[   61821ms] [WARNING] Element lens-app scheduled an update (generally because a property was set) after an update completed, causing a new update to be scheduled. This is inefficient and should be avoided unless the next update can only be scheduled as a side effect of the previous update. See https://lit.dev/msg/change-in-update for more information. @ http://localhost:5199/node_modules/.vite/deps/chunk-O5TE7N4R.js?v=32c444d0:93
